<?xml version="1.0" encoding="utf-8"?><testsuites name="pytest tests"><testsuite name="pytest" errors="0" failures="0" skipped="0" tests="36" time="2.997" timestamp="2026-05-09T06:56:45.937453+00:00" hostname="agent-env-71dc78d1-4ac4-4b92-b571-ef67785c28a7"><testcase classname="backend.tests.test_api.TestHealth" name="test_root" time="0.167" /><testcase classname="backend.tests.test_api.TestAuth" name="test_login_success" time="0.268" /><testcase classname="backend.tests.test_api.TestAuth" name="test_login_wrong_password" time="0.269" /><testcase classname="backend.tests.test_api.TestAuth" name="test_me_with_token" time="0.319" /><testcase classname="backend.tests.test_api.TestAuth" name="test_me_without_token" time="0.045" /><testcase classname="backend.tests.test_api.TestPublicCollections" name="test_list_collection[notices]" time="0.053" /><testcase classname="backend.tests.test_api.TestPublicCollections" name="test_list_collection[sliders]" time="0.046" /><testcase classname="backend.tests.test_api.TestPublicCollections" name="test_list_collection[services]" time="0.048" /><testcase classname="backend.tests.test_api.TestPublicCollections" name="test_list_collection[ads]" time="0.046" /><testcase classname="backend.tests.test_api.TestPublicCollections" name="test_list_collection[hospitals]" time="0.049" /><testcase classname="backend.tests.test_api.TestPublicCollections" name="test_list_collection[police]" time="0.049" /><testcase classname="backend.tests.test_api.TestPublicCollections" name="test_list_collection[fire_service]" time="0.046" /><testcase classname="backend.tests.test_api.TestPublicCollections" name="test_list_collection[doctors]" time="0.045" /><testcase classname="backend.tests.test_api.TestPublicCollections" name="test_list_collection[blood_banks]" time="0.048" /><testcase classname="backend.tests.test_api.TestPublicCollections" name="test_list_collection[ambulances]" time="0.045" /><testcase classname="backend.tests.test_api.TestPublicCollections" name="test_list_collection[rent_a_car]" time="0.046" /><testcase classname="backend.tests.test_api.TestPublicCollections" name="test_list_collection[restaurants]" time="0.044" /><testcase classname="backend.tests.test_api.TestPublicCollections" name="test_list_collection[upazilas]" time="0.046" /><testcase classname="backend.tests.test_api.TestPublicCollections" name="test_list_collection[schools]" time="0.048" /><testcase classname="backend.tests.test_api.TestPublicCollections" name="test_list_collection[colleges]" time="0.047" /><testcase classname="backend.tests.test_api.TestPublicCollections" name="test_list_collection[madrasas]" time="0.045" /><testcase classname="backend.tests.test_api.TestPublicCollections" name="test_list_collection[blood_donors]" time="0.049" /><testcase classname="backend.tests.test_api.TestPublicCollections" name="test_list_collection[tourist_places]" time="0.046" /><testcase classname="backend.tests.test_api.TestPublicCollections" name="test_list_collection[e_services]" time="0.052" /><testcase classname="backend.tests.test_api.TestPublicCollections" name="test_seed_counts" time="0.136" /><testcase classname="backend.tests.test_api.TestPublicCollections" name="test_dc_single" time="0.048" /><testcase classname="backend.tests.test_api.TestPublicCollections" name="test_filter_by_upazila" time="0.044" /><testcase classname="backend.tests.test_api.TestPublicCollections" name="test_unknown_collection_404" time="0.044" /><testcase classname="backend.tests.test_api.TestPublicForms" name="test_submit_complaint" time="0.061" /><testcase classname="backend.tests.test_api.TestPublicForms" name="test_submit_join_request" time="0.057" /><testcase classname="backend.tests.test_api.TestAdminCRUD" name="test_admin_list_requires_auth" time="0.046" /><testcase classname="backend.tests.test_api.TestAdminCRUD" name="test_admin_create_requires_auth" time="0.046" /><testcase classname="backend.tests.test_api.TestAdminCRUD" name="test_admin_list_with_auth" time="0.047" /><testcase classname="backend.tests.test_api.TestAdminCRUD" name="test_full_crud_cycle" time="0.249" /><testcase classname="backend.tests.test_api.TestAdminCRUD" name="test_dc_upsert" time="0.140" /><testcase classname="backend.tests.test_api.TestAdminCRUD" name="test_admin_unknown_collection" time="0.047" /></testsuite></testsuites>